mysql> source creation_queries.sql
Query OK, 1 row affected (0.00 sec)

Database changed
Query OK, 0 rows affected (0.11 sec)

Query OK, 0 rows affected (0.03 sec)

Query OK, 0 rows affected (0.02 sec)

Query OK, 0 rows affected (0.00 sec)

Query OK, 0 rows affected (0.02 sec)

Query OK, 0 rows affected (0.01 sec)

Query OK, 0 rows affected (0.01 sec)
Records: 0  Duplicates: 0  Warnings: 0

Query OK, 0 rows affected (0.03 sec)
Records: 0  Duplicates: 0  Warnings: 0

Query OK, 0 rows affected (0.01 sec)
Records: 0  Duplicates: 0  Warnings: 0

Query OK, 0 rows affected (0.03 sec)
Records: 0  Duplicates: 0  Warnings: 0

Query OK, 0 rows affected (0.03 sec)
Records: 0  Duplicates: 0  Warnings: 0

Query OK, 0 rows affected (0.03 sec)
Records: 0  Duplicates: 0  Warnings: 0

+--------------------+
| Tables_in_project2 |
+--------------------+
| customer           |
| magazine           |
| newspaper          |
| publication        |
| subscribed         |
| subscription       |
+--------------------+
6 rows in set (0.00 sec)

+-------------+--------------------------------------------------------------------------------------------------------------------------------------------------------------------------------------------------------------------------+
| Table       | Create Table                                                                                                                                                                                                             |
+-------------+--------------------------------------------------------------------------------------------------------------------------------------------------------------------------------------------------------------------------+
| publication | CREATE TABLE `publication` (
  `p_name` varchar(50) NOT NULL DEFAULT '',
  `frequency` char(10) NOT NULL,
  `type` char(10) NOT NULL,
  PRIMARY KEY (`p_name`,`frequency`,`type`)
) ENGINE=InnoDB DEFAULT CHARSET=latin1 |
+-------------+--------------------------------------------------------------------------------------------------------------------------------------------------------------------------------------------------------------------------+
1 row in set (0.00 sec)

+-----------+-------------------------------------------------------------------------------------------------------------------------------------------------------------------------------------------------------------------------------------------------------------------------------------------------------------------------------------------------------------------------------------------------------------------------------------------------------------------------------------------------------------------------------------------------------------------------------------------------------------------------------+
| Table     | Create Table                                                                                                                                                                                                                                                                                                                                                                                                                                                                                                                                                                                                                  |
+-----------+-------------------------------------------------------------------------------------------------------------------------------------------------------------------------------------------------------------------------------------------------------------------------------------------------------------------------------------------------------------------------------------------------------------------------------------------------------------------------------------------------------------------------------------------------------------------------------------------------------------------------------+
| newspaper | CREATE TABLE `newspaper` (
  `n_pname` varchar(50) NOT NULL DEFAULT '',
  `n_name` varchar(50) NOT NULL DEFAULT '',
  `noof_days` int(10) NOT NULL DEFAULT '0',
  `n_sid` varchar(10) DEFAULT NULL,
  `n_frequency` char(10) NOT NULL DEFAULT '',
  `rate` int(10) DEFAULT NULL,
  PRIMARY KEY (`n_pname`,`n_frequency`,`noof_days`,`n_name`),
  KEY `n_sid` (`n_sid`),
  CONSTRAINT `newspaper_ibfk_2` FOREIGN KEY (`n_sid`) REFERENCES `subscribed` (`sid`),
  CONSTRAINT `newspaper_ibfk_1` FOREIGN KEY (`n_pname`, `n_frequency`) REFERENCES `publication` (`p_name`, `frequency`)
) ENGINE=InnoDB DEFAULT CHARSET=latin1 |
+-----------+-------------------------------------------------------------------------------------------------------------------------------------------------------------------------------------------------------------------------------------------------------------------------------------------------------------------------------------------------------------------------------------------------------------------------------------------------------------------------------------------------------------------------------------------------------------------------------------------------------------------------------+
1 row in set (0.00 sec)

+----------+--------------------------------------------------------------------------------------------------------------------------------------------------------------------------------------------------------------------------------------------------------------------------------------------------------------------------------------------------------------------------------------------------------------------------------------------------------------------------------------------------------------------------------------------------------------------------------------------------------------------+
| Table    | Create Table                                                                                                                                                                                                                                                                                                                                                                                                                                                                                                                                                                                                       |
+----------+--------------------------------------------------------------------------------------------------------------------------------------------------------------------------------------------------------------------------------------------------------------------------------------------------------------------------------------------------------------------------------------------------------------------------------------------------------------------------------------------------------------------------------------------------------------------------------------------------------------------+
| magazine | CREATE TABLE `magazine` (
  `m_pname` varchar(50) NOT NULL DEFAULT '',
  `m_name` varchar(50) NOT NULL DEFAULT '',
  `issue` int(10) NOT NULL DEFAULT '0',
  `m_sid` varchar(10) DEFAULT NULL,
  `m_frequency` char(10) NOT NULL DEFAULT '',
  `rate` int(10) DEFAULT NULL,
  PRIMARY KEY (`m_pname`,`m_frequency`,`issue`,`m_name`),
  KEY `m_sid` (`m_sid`),
  CONSTRAINT `magazine_ibfk_2` FOREIGN KEY (`m_sid`) REFERENCES `subscribed` (`sid`),
  CONSTRAINT `magazine_ibfk_1` FOREIGN KEY (`m_pname`, `m_frequency`) REFERENCES `publication` (`p_name`, `frequency`)
) ENGINE=InnoDB DEFAULT CHARSET=latin1 |
+----------+--------------------------------------------------------------------------------------------------------------------------------------------------------------------------------------------------------------------------------------------------------------------------------------------------------------------------------------------------------------------------------------------------------------------------------------------------------------------------------------------------------------------------------------------------------------------------------------------------------------------+
1 row in set (0.00 sec)

+------------+------------------------------------------------------------------------------------------------------------------------+
| Table      | Create Table                                                                                                           |
+------------+------------------------------------------------------------------------------------------------------------------------+
| subscribed | CREATE TABLE `subscribed` (
  `sid` varchar(10) NOT NULL,
  PRIMARY KEY (`sid`)
) ENGINE=InnoDB DEFAULT CHARSET=latin1 |
+------------+------------------------------------------------------------------------------------------------------------------------+
1 row in set (0.00 sec)

+----------+-----------------------------------------------------------------------------------------------------------------------------------------------------------------------------------------------------------------------------------------------+
| Table    | Create Table                                                                                                                                                                                                                                  |
+----------+-----------------------------------------------------------------------------------------------------------------------------------------------------------------------------------------------------------------------------------------------+
| customer | CREATE TABLE `customer` (
  `cid` int(10) NOT NULL AUTO_INCREMENT,
  `initial` varchar(2) DEFAULT NULL,
  `last` varchar(20) DEFAULT NULL,
  `address` varchar(40) DEFAULT NULL,
  PRIMARY KEY (`cid`)
) ENGINE=InnoDB DEFAULT CHARSET=latin1 |
+----------+-----------------------------------------------------------------------------------------------------------------------------------------------------------------------------------------------------------------------------------------------+
1 row in set (0.00 sec)

+--------------+-------------------------------------------------------------------------------------------------------------------------------------------------------------------------------------------------------------------------------------------------------------------------------------------------------------------------------------------------------------------------------------------------------------------------------------------------------------------------------------------------------------------------------------------------+
| Table        | Create Table                                                                                                                                                                                                                                                                                                                                                                                                                                                                                                                                    |
+--------------+-------------------------------------------------------------------------------------------------------------------------------------------------------------------------------------------------------------------------------------------------------------------------------------------------------------------------------------------------------------------------------------------------------------------------------------------------------------------------------------------------------------------------------------------------+
| subscription | CREATE TABLE `subscription` (
  `s_sid` varchar(10) NOT NULL DEFAULT '',
  `s_cid` int(10) NOT NULL DEFAULT '0',
  `start_date` date DEFAULT NULL,
  `end_date` date DEFAULT NULL,
  `noof_months` int(10) DEFAULT NULL,
  `total_cost` int(10) DEFAULT NULL,
  PRIMARY KEY (`s_sid`,`s_cid`),
  KEY `s_cid` (`s_cid`),
  CONSTRAINT `subscription_ibfk_2` FOREIGN KEY (`s_cid`) REFERENCES `customer` (`cid`),
  CONSTRAINT `subscription_ibfk_1` FOREIGN KEY (`s_sid`) REFERENCES `subscribed` (`sid`)
) ENGINE=InnoDB DEFAULT CHARSET=latin1 |
+--------------+-------------------------------------------------------------------------------------------------------------------------------------------------------------------------------------------------------------------------------------------------------------------------------------------------------------------------------------------------------------------------------------------------------------------------------------------------------------------------------------------------------------------------------------------------+
1 row in set (0.00 sec)

mysql> notee
